<?xml version="1.0" encoding="UTF-8"?>
<testng-results skipped="0" failed="0" ignored="0" total="1" passed="1">
  <reporter-output>
    <line>
      <![CDATA[Setting ETO:8]]>
    </line>
    <line>
      <![CDATA[XL Data:admin]]>
    </line>
    <line>
      <![CDATA[Demo test]]>
    </line>
    <line>
      <![CDATA[Closing the Browser]]>
    </line>
  </reporter-output>
  <suite name="Suite" duration-ms="10778" started-at="2021-12-23T08:02:27 IST" finished-at="2021-12-23T08:02:38 IST">
    <groups>
    </groups>
    <test name="Test" duration-ms="10778" started-at="2021-12-23T08:02:27 IST" finished-at="2021-12-23T08:02:38 IST">
      <class name="scripts.Demo">
        <test-method status="PASS" signature="openApp()[pri:0, instance:scripts.Demo@394df057]" name="openApp" is-config="true" duration-ms="7134" started-at="2021-12-23T08:02:27 IST" finished-at="2021-12-23T08:02:34 IST">
          <reporter-output>
            <line>
              <![CDATA[Setting ETO:8]]>
            </line>
          </reporter-output>
        </test-method> <!-- openApp -->
        <test-method status="PASS" signature="testA()[pri:0, instance:scripts.Demo@394df057]" name="testA" duration-ms="2598" started-at="2021-12-23T08:02:34 IST" finished-at="2021-12-23T08:02:37 IST">
          <reporter-output>
            <line>
              <![CDATA[XL Data:admin]]>
            </line>
            <line>
              <![CDATA[Demo test]]>
            </line>
          </reporter-output>
        </test-method> <!-- testA -->
        <test-method status="PASS" signature="closeApp()[pri:0, instance:scripts.Demo@394df057]" name="closeApp" is-config="true" duration-ms="973" started-at="2021-12-23T08:02:37 IST" finished-at="2021-12-23T08:02:38 IST">
          <reporter-output>
            <line>
              <![CDATA[Closing the Browser]]>
            </line>
          </reporter-output>
        </test-method> <!-- closeApp -->
      </class> <!-- scripts.Demo -->
    </test> <!-- Test -->
  </suite> <!-- Suite -->
</testng-results>
